<?xml version="1.0" encoding="UTF-8"?>
<!-- Generated by org.testng.reporters.JUnitXMLReporter -->
<testsuite ignored="5" hostname="TESTINGPC03" failures="1" tests="4" name="Test" time="65.491" errors="0" timestamp="2023-03-07T19:00:19 IST">
  <testcase classname="RoutineTest.Login" name="TestValidLogin" time="4.225"/>
  <testcase classname="RoutineTest.Registration" name="TestRegistration" time="15.855">
    <failure type="org.openqa.selenium.StaleElementReferenceException" message="The element reference of [object Undefined] undefined is stale; either its node document is not the active document, or it is no longer connected to the DOM
For documentation on this error, please visit: https://www.seleniumhq.org/exceptions/stale_element_reference.html
Build info: version: &amp;apos;3.141.59&amp;apos;, revision: &amp;apos;e82be7d358&amp;apos;, time: &amp;apos;2018-11-14T08:25:53&amp;apos;
System info: host: &amp;apos;TESTINGPC03&amp;apos;, ip: &amp;apos;192.168.29.206&amp;apos;, os.name: &amp;apos;Windows 10&amp;apos;, os.arch: &amp;apos;amd64&amp;apos;, os.version: &amp;apos;10.0&amp;apos;, java.version: &amp;apos;17&amp;apos;
Driver info: org.openqa.selenium.firefox.FirefoxDriver
Capabilities {acceptInsecureCerts: true, browserName: firefox, browserVersion: 110.0.1, javascriptEnabled: true, moz:accessibilityChecks: false, moz:buildID: 20230227191043, moz:geckodriverVersion: 0.30.0, moz:headless: false, moz:platformVersion: 10.0, moz:processID: 2044, moz:profile: C:\Users\Admin\AppData\Loca..., moz:shutdownTimeout: 60000, moz:useNonSpecCompliantPointerOrigin: false, moz:webdriverClick: true, moz:windowless: false, pageLoadStrategy: normal, platform: WINDOWS, platformName: WINDOWS, proxy: Proxy(), setWindowRect: true, strictFileInteractability: false, timeouts: {implicit: 0, pageLoad: 300000, script: 30000}, unhandledPromptBehavior: dismiss and notify}
Session ID: 0f3939a8-7adc-4a57-9e39-5c0108196cfd">
      <![CDATA[org.openqa.selenium.StaleElementReferenceException: The element reference of [object Undefined] undefined is stale; either its node document is not the active document, or it is no longer connected to the DOM
For documentation on this error, please visit: https://www.seleniumhq.org/exceptions/stale_element_reference.html
Build info: version: '3.141.59', revision: 'e82be7d358', time: '2018-11-14T08:25:53'
System info: host: 'TESTINGPC03', ip: '192.168.29.206', os.name: 'Windows 10', os.arch: 'amd64', os.version: '10.0', java.version: '17'
Driver info: org.openqa.selenium.firefox.FirefoxDriver
Capabilities {acceptInsecureCerts: true, browserName: firefox, browserVersion: 110.0.1, javascriptEnabled: true, moz:accessibilityChecks: false, moz:buildID: 20230227191043, moz:geckodriverVersion: 0.30.0, moz:headless: false, moz:platformVersion: 10.0, moz:processID: 2044, moz:profile: C:\Users\Admin\AppData\Loca..., moz:shutdownTimeout: 60000, moz:useNonSpecCompliantPointerOrigin: false, moz:webdriverClick: true, moz:windowless: false, pageLoadStrategy: normal, platform: WINDOWS, platformName: WINDOWS, proxy: Proxy(), setWindowRect: true, strictFileInteractability: false, timeouts: {implicit: 0, pageLoad: 300000, script: 30000}, unhandledPromptBehavior: dismiss and notify}
Session ID: 0f3939a8-7adc-4a57-9e39-5c0108196cfd
at org.openqa.selenium.remote.http.W3CHttpResponseCodec.createException(W3CHttpResponseCodec.java:187)
at org.openqa.selenium.remote.http.W3CHttpResponseCodec.decode(W3CHttpResponseCodec.java:122)
at org.openqa.selenium.remote.http.W3CHttpResponseCodec.decode(W3CHttpResponseCodec.java:49)
at org.openqa.selenium.remote.HttpCommandExecutor.execute(HttpCommandExecutor.java:158)
at org.openqa.selenium.remote.service.DriverCommandExecutor.execute(DriverCommandExecutor.java:83)
at org.openqa.selenium.remote.RemoteWebDriver.execute(RemoteWebDriver.java:552)
at org.openqa.selenium.remote.RemoteWebElement.execute(RemoteWebElement.java:285)
at org.openqa.selenium.remote.RemoteWebElement.getTagName(RemoteWebElement.java:128)
at org.openqa.selenium.support.ui.Select.<init>(Select.java:45)
at RoutineTest.Registration.TestRegistration(Registration.java:64)
at java.base/java.util.ArrayList.forEach(ArrayList.java:1511)
... Removed 32 stack frames]]>
    </failure>
  </testcase> <!-- TestRegistration -->
  <testcase classname="RoutineTest.Appointment" name="TestAppointment" time="24.936"/>
  <testcase classname="RoutineTest.Admission" name="TestAdmission" time="18.118"/>
  <testcase classname="RoutineTest.ScreenshotFailedCases" name="captureScreenMethod" time="0.0">
    <ignored/>
  </testcase> <!-- captureScreenMethod -->
  <testcase classname="RoutineTest.ScreenshotFailedCases" name="screenShot" time="0.0">
    <ignored/>
  </testcase> <!-- screenShot -->
  <testcase classname="generic.BaseTest" name="@BeforeTest openFirefox" time="0.0">
    <ignored/>
  </testcase> <!-- @BeforeTest openFirefox -->
  <testcase classname="generic.BaseTest" name="@BeforeTest openFirefox" time="0.0">
    <ignored/>
  </testcase> <!-- @BeforeTest openFirefox -->
  <testcase classname="generic.BaseTest" name="@BeforeTest openFirefox" time="0.0">
    <ignored/>
  </testcase> <!-- @BeforeTest openFirefox -->
</testsuite> <!-- Test -->
